\BOOKMARK [1][-]{section.1}{1 Grundlagen}{}% 1
\BOOKMARK [2][-]{subsection.1.1}{1.1 Teamf\344hige Installation}{section.1}% 2
\BOOKMARK [2][-]{subsection.1.2}{1.2 Grundger\374st}{section.1}% 3
\BOOKMARK [2][-]{subsection.1.3}{1.3 Packages}{section.1}% 4
\BOOKMARK [2][-]{subsection.1.4}{1.4 Gliederung}{section.1}% 5
\BOOKMARK [3][-]{subsubsection.1.4.1}{1.4.1 Tiefe des Inhaltsverzeichnis beschr\344nken}{subsection.1.4}% 6
\BOOKMARK [3][-]{subsubsection.1.4.2}{1.4.2 Dieser Titel ist nicht im Inhaltsverzeichnis}{subsection.1.4}% 7
\BOOKMARK [2][-]{subsection.1.5}{1.5 Kommentare}{section.1}% 8
\BOOKMARK [2][-]{subsection.1.6}{1.6 Verweise}{section.1}% 9
\BOOKMARK [3][-]{subsubsection.1.6.1}{1.6.1 Label setzen}{subsection.1.6}% 10
\BOOKMARK [3][-]{subsubsection.1.6.2}{1.6.2 Auf Labels referenzieren}{subsection.1.6}% 11
\BOOKMARK [2][-]{subsection.1.7}{1.7 Abst\344nde, Bindestriche und Silbentrennung}{section.1}% 12
\BOOKMARK [2][-]{subsection.1.8}{1.8 Zahlen und Einheiten}{section.1}% 13
\BOOKMARK [2][-]{subsection.1.9}{1.9 Sprache umstellen}{section.1}% 14
\BOOKMARK [1][-]{section.2}{2 Gleitobjekte \(floats\)}{}% 15
\BOOKMARK [2][-]{subsection.2.1}{2.1 Abbildungen \(figure\)}{section.2}% 16
\BOOKMARK [3][-]{subsubsection.2.1.1}{2.1.1 Subfigures}{subsection.2.1}% 17
\BOOKMARK [2][-]{subsection.2.2}{2.2 Tabellen \(table\)}{section.2}% 18
\BOOKMARK [1][-]{section.3}{3 Mathematische Formeln}{}% 19
\BOOKMARK [2][-]{subsection.3.1}{3.1 Mathematische Umgebungen}{section.3}% 20
\BOOKMARK [2][-]{subsection.3.2}{3.2 Bekannte Fehler}{section.3}% 21
\BOOKMARK [1][-]{section.4}{4 Tikz-Grafiken}{}% 22
\BOOKMARK [1][-]{section.5}{5 Bibliographien}{}% 23
\BOOKMARK [2][-]{subsection.5.1}{5.1 Literaturdatenbank}{section.5}% 24
\BOOKMARK [2][-]{subsection.5.2}{5.2 Referenzieren}{section.5}% 25
\BOOKMARK [2][-]{subsection.5.3}{5.3 Literaturverzeichnis}{section.5}% 26
\BOOKMARK [2][-]{subsection.5.4}{5.4 Was bedeutet eigentlich zitieren und referenzieren?}{section.5}% 27
\BOOKMARK [1][-]{appendix.A}{A Eingef\374gtes Dokument; zwei Seiten auf einer}{}% 28
\BOOKMARK [1][-]{appendix.B}{B Eingef\374gte PDF-Tabelle}{}% 29
\BOOKMARK [1][-]{appendix.C}{C MATLAB-Code Snippets}{}% 30
